<?xml version="1.0" encoding="UTF-8"?>
<!-- Generated by org.testng.reporters.JUnitReportReporter -->
<testsuite name="com.scripts.SareesScript" tests="1" time="32.749" ignored="0" failures="0" timestamp="02 Feb 2017 09:46:27 GMT" skipped="0" hostname="CBT-CAB3-03" errors="0">
  <testcase name="chooseSaree" time="32.749" classname="com.scripts.SareesScript"/>
</testsuite> <!-- com.scripts.SareesScript -->
