<?xml version="1.0" encoding="UTF-8"?>
<!-- Generated by org.testng.reporters.JUnitReportReporter -->
<testsuite name="com.scripts.Test1" tests="1" time="24.053" ignored="0" failures="0" timestamp="01 Feb 2017 05:51:32 GMT" skipped="0" hostname="CBT-CAB3-03" errors="0">
  <testcase name="sample1" time="24.053" classname="com.scripts.Test1"/>
</testsuite> <!-- com.scripts.Test1 -->
