<?xml version="1.0" encoding="UTF-8"?>
<!-- Generated by org.testng.reporters.JUnitReportReporter -->
<testsuite name="com.scripts.ScrollPage" tests="1" time="33.811" ignored="0" failures="0" timestamp="02 Feb 2017 11:15:32 GMT" skipped="0" hostname="CBT-CAB3-03" errors="0">
  <testcase name="VerifyScroll" time="33.811" classname="com.scripts.ScrollPage"/>
</testsuite> <!-- com.scripts.ScrollPage -->
