<?xml version="1.0" encoding="UTF-8"?>
<!-- Generated by org.testng.reporters.JUnitReportReporter -->
<testsuite name="com.scripts.Login" tests="1" time="12.202" ignored="0" failures="0" timestamp="01 Feb 2017 07:38:25 GMT" skipped="0" hostname="CBT-CAB3-03" errors="0">
  <testcase name="sample3" time="12.202" classname="com.scripts.Login"/>
</testsuite> <!-- com.scripts.Login -->
