<?xml version="1.0" encoding="UTF-8"?>
<!-- Generated by org.testng.reporters.JUnitReportReporter -->
<testsuite name="com.scripts.VerifyWebElements" tests="1" time="22.579" ignored="0" failures="0" timestamp="01 Feb 2017 07:18:52 GMT" skipped="0" hostname="CBT-CAB3-03" errors="0">
  <testcase name="sample2" time="22.579" classname="com.scripts.VerifyWebElements"/>
</testsuite> <!-- com.scripts.VerifyWebElements -->
